The system is: Linux - 3.10.0-1160.15.2.el7.x86_64 - x86_64
Compiling the C compiler identification source file "CMakeCCompilerId.c" succeeded.
Compiler: /risapps/rhel7/gcc/7.1.0/bin/cc 
Build flags: 
Id flags:  

The output was:
0


Compilation of the C compiler identification source "CMakeCCompilerId.c" produced "a.out"

The C compiler identification is GNU, found in "/rsrch3/home/lym_myl_rsch/bnsugg/lpWGS_pipeline/programs/hmmcopy_utils/CMakeFiles/3.16.2/CompilerIdC/a.out"

Compiling the CXX compiler identification source file "CMakeCXXCompilerId.cpp" succeeded.
Compiler: /risapps/rhel7/gcc/7.1.0/bin/c++ 
Build flags: 
Id flags:  

The output was:
0


Compilation of the CXX compiler identification source "CMakeCXXCompilerId.cpp" produced "a.out"

The CXX compiler identification is GNU, found in "/rsrch3/home/lym_myl_rsch/bnsugg/lpWGS_pipeline/programs/hmmcopy_utils/CMakeFiles/3.16.2/CompilerIdCXX/a.out"

Determining if the C compiler works passed with the following output:
Change Dir: /rsrch3/home/lym_myl_rsch/bnsugg/lpWGS_pipeline/programs/hmmcopy_utils/CMakeFiles/CMakeTmp

Run Build Command(s):/usr/bin/gmake cmTC_43b69/fast && /usr/bin/gmake -f CMakeFiles/cmTC_43b69.dir/build.make CMakeFiles/cmTC_43b69.dir/build
gmake[1]: Entering directory `/rsrch3/home/lym_myl_rsch/bnsugg/lpWGS_pipeline/programs/hmmcopy_utils/CMakeFiles/CMakeTmp'
Building C object CMakeFiles/cmTC_43b69.dir/testCCompiler.c.o
/risapps/rhel7/gcc/7.1.0/bin/cc    -o CMakeFiles/cmTC_43b69.dir/testCCompiler.c.o   -c /rsrch3/home/lym_myl_rsch/bnsugg/lpWGS_pipeline/programs/hmmcopy_utils/CMakeFiles/CMakeTmp/testCCompiler.c
Linking C executable cmTC_43b69
/risapps/rhel7/cmake/3.16.2-gcc-7.1.0/bin/cmake -E cmake_link_script CMakeFiles/cmTC_43b69.dir/link.txt --verbose=1
/risapps/rhel7/gcc/7.1.0/bin/cc      -rdynamic CMakeFiles/cmTC_43b69.dir/testCCompiler.c.o  -o cmTC_43b69 
gmake[1]: Leaving directory `/rsrch3/home/lym_myl_rsch/bnsugg/lpWGS_pipeline/programs/hmmcopy_utils/CMakeFiles/CMakeTmp'



Detecting C compiler ABI info compiled with the following output:
Change Dir: /rsrch3/home/lym_myl_rsch/bnsugg/lpWGS_pipeline/programs/hmmcopy_utils/CMakeFiles/CMakeTmp

Run Build Command(s):/usr/bin/gmake cmTC_53dc7/fast && /usr/bin/gmake -f CMakeFiles/cmTC_53dc7.dir/build.make CMakeFiles/cmTC_53dc7.dir/build
gmake[1]: Entering directory `/rsrch3/home/lym_myl_rsch/bnsugg/lpWGS_pipeline/programs/hmmcopy_utils/CMakeFiles/CMakeTmp'
Building C object CMakeFiles/cmTC_53dc7.dir/CMakeCCompilerABI.c.o
/risapps/rhel7/gcc/7.1.0/bin/cc   -v -o CMakeFiles/cmTC_53dc7.dir/CMakeCCompilerABI.c.o   -c /risapps/rhel7/cmake/3.16.2-gcc-7.1.0/share/cmake-3.16/Modules/CMakeCCompilerABI.c
Using built-in specs.
COLLECT_GCC=/risapps/rhel7/gcc/7.1.0/bin/cc
Target: x86_64-pc-linux-gnu
Configured with: ../configure --prefix=/risapps/rhel7/gcc/7.1.0 --enable-languages=c,c++,fortran --disable-multilib
Thread model: posix
gcc version 7.1.0 (GCC) 
COLLECT_GCC_OPTIONS='-v' '-o' 'CMakeFiles/cmTC_53dc7.dir/CMakeCCompilerABI.c.o' '-c' '-mtune=generic' '-march=x86-64'
 /risapps/rhel7/gcc/7.1.0/libexec/gcc/x86_64-pc-linux-gnu/7.1.0/cc1 -quiet -v /risapps/rhel7/cmake/3.16.2-gcc-7.1.0/share/cmake-3.16/Modules/CMakeCCompilerABI.c -quiet -dumpbase CMakeCCompilerABI.c -mtune=generic -march=x86-64 -auxbase-strip CMakeFiles/cmTC_53dc7.dir/CMakeCCompilerABI.c.o -version -o /tmp/cceeYg7e.s
GNU C11 (GCC) version 7.1.0 (x86_64-pc-linux-gnu)
	compiled by GNU C version 7.1.0, GMP version 6.1.0, MPFR version 3.1.4, MPC version 1.0.3, isl version isl-0.16.1-GMP

GGC heuristics: --param ggc-min-expand=100 --param ggc-min-heapsize=131072
ignoring nonexistent directory "/risapps/rhel7/gcc/7.1.0/lib/gcc/x86_64-pc-linux-gnu/7.1.0/../../../../x86_64-pc-linux-gnu/include"
#include "..." search starts here:
#include <...> search starts here:
 /risapps/rhel7/gsl/2.5/include
 /risapps/rhel7/gcc/7.1.0/lib/gcc/x86_64-pc-linux-gnu/7.1.0/include
 /usr/local/include
 /risapps/rhel7/gcc/7.1.0/include
 /risapps/rhel7/gcc/7.1.0/lib/gcc/x86_64-pc-linux-gnu/7.1.0/include-fixed
 /usr/include
End of search list.
GNU C11 (GCC) version 7.1.0 (x86_64-pc-linux-gnu)
	compiled by GNU C version 7.1.0, GMP version 6.1.0, MPFR version 3.1.4, MPC version 1.0.3, isl version isl-0.16.1-GMP

GGC heuristics: --param ggc-min-expand=100 --param ggc-min-heapsize=131072
Compiler executable checksum: 55df1b91beca7bcd5c5afd9298cd9b78
COLLECT_GCC_OPTIONS='-v' '-o' 'CMakeFiles/cmTC_53dc7.dir/CMakeCCompilerABI.c.o' '-c' '-mtune=generic' '-march=x86-64'
 as -v --64 -o CMakeFiles/cmTC_53dc7.dir/CMakeCCompilerABI.c.o /tmp/cceeYg7e.s
GNU assembler version 2.27 (x86_64-redhat-linux) using BFD version version 2.27-44.base.el7
COMPILER_PATH=/risapps/rhel7/gcc/7.1.0/libexec/gcc/x86_64-pc-linux-gnu/7.1.0/:/risapps/rhel7/gcc/7.1.0/libexec/gcc/x86_64-pc-linux-gnu/7.1.0/:/risapps/rhel7/gcc/7.1.0/libexec/gcc/x86_64-pc-linux-gnu/:/risapps/rhel7/gcc/7.1.0/lib/gcc/x86_64-pc-linux-gnu/7.1.0/:/risapps/rhel7/gcc/7.1.0/lib/gcc/x86_64-pc-linux-gnu/
LIBRARY_PATH=/risapps/rhel7/gcc/7.1.0/lib/gcc/x86_64-pc-linux-gnu/7.1.0/:/risapps/rhel7/gcc/7.1.0/lib/gcc/x86_64-pc-linux-gnu/7.1.0/../../../../lib64/:/lib/../lib64/:/usr/lib/../lib64/:/risapps/rhel7/gsl/2.5/lib/:/risapps/rhel7/gcc/7.1.0/lib/gcc/x86_64-pc-linux-gnu/7.1.0/../../../:/lib/:/usr/lib/
COLLECT_GCC_OPTIONS='-v' '-o' 'CMakeFiles/cmTC_53dc7.dir/CMakeCCompilerABI.c.o' '-c' '-mtune=generic' '-march=x86-64'
Linking C executable cmTC_53dc7
/risapps/rhel7/cmake/3.16.2-gcc-7.1.0/bin/cmake -E cmake_link_script CMakeFiles/cmTC_53dc7.dir/link.txt --verbose=1
/risapps/rhel7/gcc/7.1.0/bin/cc     -v -rdynamic CMakeFiles/cmTC_53dc7.dir/CMakeCCompilerABI.c.o  -o cmTC_53dc7 
Using built-in specs.
COLLECT_GCC=/risapps/rhel7/gcc/7.1.0/bin/cc
COLLECT_LTO_WRAPPER=/risapps/rhel7/gcc/7.1.0/libexec/gcc/x86_64-pc-linux-gnu/7.1.0/lto-wrapper
Target: x86_64-pc-linux-gnu
Configured with: ../configure --prefix=/risapps/rhel7/gcc/7.1.0 --enable-languages=c,c++,fortran --disable-multilib
Thread model: posix
gcc version 7.1.0 (GCC) 
COMPILER_PATH=/risapps/rhel7/gcc/7.1.0/libexec/gcc/x86_64-pc-linux-gnu/7.1.0/:/risapps/rhel7/gcc/7.1.0/libexec/gcc/x86_64-pc-linux-gnu/7.1.0/:/risapps/rhel7/gcc/7.1.0/libexec/gcc/x86_64-pc-linux-gnu/:/risapps/rhel7/gcc/7.1.0/lib/gcc/x86_64-pc-linux-gnu/7.1.0/:/risapps/rhel7/gcc/7.1.0/lib/gcc/x86_64-pc-linux-gnu/
LIBRARY_PATH=/risapps/rhel7/gcc/7.1.0/lib/gcc/x86_64-pc-linux-gnu/7.1.0/:/risapps/rhel7/gcc/7.1.0/lib/gcc/x86_64-pc-linux-gnu/7.1.0/../../../../lib64/:/lib/../lib64/:/usr/lib/../lib64/:/risapps/rhel7/gsl/2.5/lib/:/risapps/rhel7/gcc/7.1.0/lib/gcc/x86_64-pc-linux-gnu/7.1.0/../../../:/lib/:/usr/lib/
COLLECT_GCC_OPTIONS='-v' '-rdynamic' '-o' 'cmTC_53dc7' '-mtune=generic' '-march=x86-64'
 /risapps/rhel7/gcc/7.1.0/libexec/gcc/x86_64-pc-linux-gnu/7.1.0/collect2 -plugin /risapps/rhel7/gcc/7.1.0/libexec/gcc/x86_64-pc-linux-gnu/7.1.0/liblto_plugin.so -plugin-opt=/risapps/rhel7/gcc/7.1.0/libexec/gcc/x86_64-pc-linux-gnu/7.1.0/lto-wrapper -plugin-opt=-fresolution=/tmp/cctEAlXg.res -plugin-opt=-pass-through=-lgcc -plugin-opt=-pass-through=-lgcc_s -plugin-opt=-pass-through=-lc -plugin-opt=-pass-through=-lgcc -plugin-opt=-pass-through=-lgcc_s --eh-frame-hdr -m elf_x86_64 -export-dynamic -dynamic-linker /lib64/ld-linux-x86-64.so.2 -o cmTC_53dc7 /lib/../lib64/crt1.o /lib/../lib64/crti.o /risapps/rhel7/gcc/7.1.0/lib/gcc/x86_64-pc-linux-gnu/7.1.0/crtbegin.o -L/risapps/rhel7/gcc/7.1.0/lib/gcc/x86_64-pc-linux-gnu/7.1.0 -L/risapps/rhel7/gcc/7.1.0/lib/gcc/x86_64-pc-linux-gnu/7.1.0/../../../../lib64 -L/lib/../lib64 -L/usr/lib/../lib64 -L/risapps/rhel7/gsl/2.5/lib -L/risapps/rhel7/gcc/7.1.0/lib/gcc/x86_64-pc-linux-gnu/7.1.0/../../.. CMakeFiles/cmTC_53dc7.dir/CMakeCCompilerABI.c.o -lgcc --as-needed -lgcc_s --no-as-needed -lc -lgcc --as-needed -lgcc_s --no-as-needed /risapps/rhel7/gcc/7.1.0/lib/gcc/x86_64-pc-linux-gnu/7.1.0/crtend.o /lib/../lib64/crtn.o
COLLECT_GCC_OPTIONS='-v' '-rdynamic' '-o' 'cmTC_53dc7' '-mtune=generic' '-march=x86-64'
gmake[1]: Leaving directory `/rsrch3/home/lym_myl_rsch/bnsugg/lpWGS_pipeline/programs/hmmcopy_utils/CMakeFiles/CMakeTmp'



Parsed C implicit include dir info from above output: rv=done
  found start of include info
  found start of implicit include info
    add: [/risapps/rhel7/gsl/2.5/include]
    add: [/risapps/rhel7/gcc/7.1.0/lib/gcc/x86_64-pc-linux-gnu/7.1.0/include]
    add: [/usr/local/include]
    add: [/risapps/rhel7/gcc/7.1.0/include]
    add: [/risapps/rhel7/gcc/7.1.0/lib/gcc/x86_64-pc-linux-gnu/7.1.0/include-fixed]
    add: [/usr/include]
  end of search list found
  collapse include dir [/risapps/rhel7/gsl/2.5/include] ==> [/risapps/rhel7/gsl/2.5/include]
  collapse include dir [/risapps/rhel7/gcc/7.1.0/lib/gcc/x86_64-pc-linux-gnu/7.1.0/include] ==> [/risapps/rhel7/gcc/7.1.0/lib/gcc/x86_64-pc-linux-gnu/7.1.0/include]
  collapse include dir [/usr/local/include] ==> [/usr/local/include]
  collapse include dir [/risapps/rhel7/gcc/7.1.0/include] ==> [/risapps/rhel7/gcc/7.1.0/include]
  collapse include dir [/risapps/rhel7/gcc/7.1.0/lib/gcc/x86_64-pc-linux-gnu/7.1.0/include-fixed] ==> [/risapps/rhel7/gcc/7.1.0/lib/gcc/x86_64-pc-linux-gnu/7.1.0/include-fixed]
  collapse include dir [/usr/include] ==> [/usr/include]
  implicit include dirs: [/risapps/rhel7/gsl/2.5/include;/risapps/rhel7/gcc/7.1.0/lib/gcc/x86_64-pc-linux-gnu/7.1.0/include;/usr/local/include;/risapps/rhel7/gcc/7.1.0/include;/risapps/rhel7/gcc/7.1.0/lib/gcc/x86_64-pc-linux-gnu/7.1.0/include-fixed;/usr/include]


Parsed C implicit link information from above output:
  link line regex: [^( *|.*[/\])(ld|CMAKE_LINK_STARTFILE-NOTFOUND|([^/\]+-)?ld|collect2)[^/\]*( |$)]
  ignore line: [Change Dir: /rsrch3/home/lym_myl_rsch/bnsugg/lpWGS_pipeline/programs/hmmcopy_utils/CMakeFiles/CMakeTmp]
  ignore line: []
  ignore line: [Run Build Command(s):/usr/bin/gmake cmTC_53dc7/fast && /usr/bin/gmake -f CMakeFiles/cmTC_53dc7.dir/build.make CMakeFiles/cmTC_53dc7.dir/build]
  ignore line: [gmake[1]: Entering directory `/rsrch3/home/lym_myl_rsch/bnsugg/lpWGS_pipeline/programs/hmmcopy_utils/CMakeFiles/CMakeTmp']
  ignore line: [Building C object CMakeFiles/cmTC_53dc7.dir/CMakeCCompilerABI.c.o]
  ignore line: [/risapps/rhel7/gcc/7.1.0/bin/cc   -v -o CMakeFiles/cmTC_53dc7.dir/CMakeCCompilerABI.c.o   -c /risapps/rhel7/cmake/3.16.2-gcc-7.1.0/share/cmake-3.16/Modules/CMakeCCompilerABI.c]
  ignore line: [Using built-in specs.]
  ignore line: [COLLECT_GCC=/risapps/rhel7/gcc/7.1.0/bin/cc]
  ignore line: [Target: x86_64-pc-linux-gnu]
  ignore line: [Configured with: ../configure --prefix=/risapps/rhel7/gcc/7.1.0 --enable-languages=c c++ fortran --disable-multilib]
  ignore line: [Thread model: posix]
  ignore line: [gcc version 7.1.0 (GCC) ]
  ignore line: [COLLECT_GCC_OPTIONS='-v' '-o' 'CMakeFiles/cmTC_53dc7.dir/CMakeCCompilerABI.c.o' '-c' '-mtune=generic' '-march=x86-64']
  ignore line: [ /risapps/rhel7/gcc/7.1.0/libexec/gcc/x86_64-pc-linux-gnu/7.1.0/cc1 -quiet -v /risapps/rhel7/cmake/3.16.2-gcc-7.1.0/share/cmake-3.16/Modules/CMakeCCompilerABI.c -quiet -dumpbase CMakeCCompilerABI.c -mtune=generic -march=x86-64 -auxbase-strip CMakeFiles/cmTC_53dc7.dir/CMakeCCompilerABI.c.o -version -o /tmp/cceeYg7e.s]
  ignore line: [GNU C11 (GCC) version 7.1.0 (x86_64-pc-linux-gnu)]
  ignore line: [	compiled by GNU C version 7.1.0  GMP version 6.1.0  MPFR version 3.1.4  MPC version 1.0.3  isl version isl-0.16.1-GMP]
  ignore line: []
  ignore line: [GGC heuristics: --param ggc-min-expand=100 --param ggc-min-heapsize=131072]
  ignore line: [ignoring nonexistent directory "/risapps/rhel7/gcc/7.1.0/lib/gcc/x86_64-pc-linux-gnu/7.1.0/../../../../x86_64-pc-linux-gnu/include"]
  ignore line: [#include "..." search starts here:]
  ignore line: [#include <...> search starts here:]
  ignore line: [ /risapps/rhel7/gsl/2.5/include]
  ignore line: [ /risapps/rhel7/gcc/7.1.0/lib/gcc/x86_64-pc-linux-gnu/7.1.0/include]
  ignore line: [ /usr/local/include]
  ignore line: [ /risapps/rhel7/gcc/7.1.0/include]
  ignore line: [ /risapps/rhel7/gcc/7.1.0/lib/gcc/x86_64-pc-linux-gnu/7.1.0/include-fixed]
  ignore line: [ /usr/include]
  ignore line: [End of search list.]
  ignore line: [GNU C11 (GCC) version 7.1.0 (x86_64-pc-linux-gnu)]
  ignore line: [	compiled by GNU C version 7.1.0  GMP version 6.1.0  MPFR version 3.1.4  MPC version 1.0.3  isl version isl-0.16.1-GMP]
  ignore line: []
  ignore line: [GGC heuristics: --param ggc-min-expand=100 --param ggc-min-heapsize=131072]
  ignore line: [Compiler executable checksum: 55df1b91beca7bcd5c5afd9298cd9b78]
  ignore line: [COLLECT_GCC_OPTIONS='-v' '-o' 'CMakeFiles/cmTC_53dc7.dir/CMakeCCompilerABI.c.o' '-c' '-mtune=generic' '-march=x86-64']
  ignore line: [ as -v --64 -o CMakeFiles/cmTC_53dc7.dir/CMakeCCompilerABI.c.o /tmp/cceeYg7e.s]
  ignore line: [GNU assembler version 2.27 (x86_64-redhat-linux) using BFD version version 2.27-44.base.el7]
  ignore line: [COMPILER_PATH=/risapps/rhel7/gcc/7.1.0/libexec/gcc/x86_64-pc-linux-gnu/7.1.0/:/risapps/rhel7/gcc/7.1.0/libexec/gcc/x86_64-pc-linux-gnu/7.1.0/:/risapps/rhel7/gcc/7.1.0/libexec/gcc/x86_64-pc-linux-gnu/:/risapps/rhel7/gcc/7.1.0/lib/gcc/x86_64-pc-linux-gnu/7.1.0/:/risapps/rhel7/gcc/7.1.0/lib/gcc/x86_64-pc-linux-gnu/]
  ignore line: [LIBRARY_PATH=/risapps/rhel7/gcc/7.1.0/lib/gcc/x86_64-pc-linux-gnu/7.1.0/:/risapps/rhel7/gcc/7.1.0/lib/gcc/x86_64-pc-linux-gnu/7.1.0/../../../../lib64/:/lib/../lib64/:/usr/lib/../lib64/:/risapps/rhel7/gsl/2.5/lib/:/risapps/rhel7/gcc/7.1.0/lib/gcc/x86_64-pc-linux-gnu/7.1.0/../../../:/lib/:/usr/lib/]
  ignore line: [COLLECT_GCC_OPTIONS='-v' '-o' 'CMakeFiles/cmTC_53dc7.dir/CMakeCCompilerABI.c.o' '-c' '-mtune=generic' '-march=x86-64']
  ignore line: [Linking C executable cmTC_53dc7]
  ignore line: [/risapps/rhel7/cmake/3.16.2-gcc-7.1.0/bin/cmake -E cmake_link_script CMakeFiles/cmTC_53dc7.dir/link.txt --verbose=1]
  ignore line: [/risapps/rhel7/gcc/7.1.0/bin/cc     -v -rdynamic CMakeFiles/cmTC_53dc7.dir/CMakeCCompilerABI.c.o  -o cmTC_53dc7 ]
  ignore line: [Using built-in specs.]
  ignore line: [COLLECT_GCC=/risapps/rhel7/gcc/7.1.0/bin/cc]
  ignore line: [COLLECT_LTO_WRAPPER=/risapps/rhel7/gcc/7.1.0/libexec/gcc/x86_64-pc-linux-gnu/7.1.0/lto-wrapper]
  ignore line: [Target: x86_64-pc-linux-gnu]
  ignore line: [Configured with: ../configure --prefix=/risapps/rhel7/gcc/7.1.0 --enable-languages=c c++ fortran --disable-multilib]
  ignore line: [Thread model: posix]
  ignore line: [gcc version 7.1.0 (GCC) ]
  ignore line: [COMPILER_PATH=/risapps/rhel7/gcc/7.1.0/libexec/gcc/x86_64-pc-linux-gnu/7.1.0/:/risapps/rhel7/gcc/7.1.0/libexec/gcc/x86_64-pc-linux-gnu/7.1.0/:/risapps/rhel7/gcc/7.1.0/libexec/gcc/x86_64-pc-linux-gnu/:/risapps/rhel7/gcc/7.1.0/lib/gcc/x86_64-pc-linux-gnu/7.1.0/:/risapps/rhel7/gcc/7.1.0/lib/gcc/x86_64-pc-linux-gnu/]
  ignore line: [LIBRARY_PATH=/risapps/rhel7/gcc/7.1.0/lib/gcc/x86_64-pc-linux-gnu/7.1.0/:/risapps/rhel7/gcc/7.1.0/lib/gcc/x86_64-pc-linux-gnu/7.1.0/../../../../lib64/:/lib/../lib64/:/usr/lib/../lib64/:/risapps/rhel7/gsl/2.5/lib/:/risapps/rhel7/gcc/7.1.0/lib/gcc/x86_64-pc-linux-gnu/7.1.0/../../../:/lib/:/usr/lib/]
  ignore line: [COLLECT_GCC_OPTIONS='-v' '-rdynamic' '-o' 'cmTC_53dc7' '-mtune=generic' '-march=x86-64']
  link line: [ /risapps/rhel7/gcc/7.1.0/libexec/gcc/x86_64-pc-linux-gnu/7.1.0/collect2 -plugin /risapps/rhel7/gcc/7.1.0/libexec/gcc/x86_64-pc-linux-gnu/7.1.0/liblto_plugin.so -plugin-opt=/risapps/rhel7/gcc/7.1.0/libexec/gcc/x86_64-pc-linux-gnu/7.1.0/lto-wrapper -plugin-opt=-fresolution=/tmp/cctEAlXg.res -plugin-opt=-pass-through=-lgcc -plugin-opt=-pass-through=-lgcc_s -plugin-opt=-pass-through=-lc -plugin-opt=-pass-through=-lgcc -plugin-opt=-pass-through=-lgcc_s --eh-frame-hdr -m elf_x86_64 -export-dynamic -dynamic-linker /lib64/ld-linux-x86-64.so.2 -o cmTC_53dc7 /lib/../lib64/crt1.o /lib/../lib64/crti.o /risapps/rhel7/gcc/7.1.0/lib/gcc/x86_64-pc-linux-gnu/7.1.0/crtbegin.o -L/risapps/rhel7/gcc/7.1.0/lib/gcc/x86_64-pc-linux-gnu/7.1.0 -L/risapps/rhel7/gcc/7.1.0/lib/gcc/x86_64-pc-linux-gnu/7.1.0/../../../../lib64 -L/lib/../lib64 -L/usr/lib/../lib64 -L/risapps/rhel7/gsl/2.5/lib -L/risapps/rhel7/gcc/7.1.0/lib/gcc/x86_64-pc-linux-gnu/7.1.0/../../.. CMakeFiles/cmTC_53dc7.dir/CMakeCCompilerABI.c.o -lgcc --as-needed -lgcc_s --no-as-needed -lc -lgcc --as-needed -lgcc_s --no-as-needed /risapps/rhel7/gcc/7.1.0/lib/gcc/x86_64-pc-linux-gnu/7.1.0/crtend.o /lib/../lib64/crtn.o]
    arg [/risapps/rhel7/gcc/7.1.0/libexec/gcc/x86_64-pc-linux-gnu/7.1.0/collect2] ==> ignore
    arg [-plugin] ==> ignore
    arg [/risapps/rhel7/gcc/7.1.0/libexec/gcc/x86_64-pc-linux-gnu/7.1.0/liblto_plugin.so] ==> ignore
    arg [-plugin-opt=/risapps/rhel7/gcc/7.1.0/libexec/gcc/x86_64-pc-linux-gnu/7.1.0/lto-wrapper] ==> ignore
    arg [-plugin-opt=-fresolution=/tmp/cctEAlXg.res] ==> ignore
    arg [-plugin-opt=-pass-through=-lgcc] ==> ignore
    arg [-plugin-opt=-pass-through=-lgcc_s] ==> ignore
    arg [-plugin-opt=-pass-through=-lc] ==> ignore
    arg [-plugin-opt=-pass-through=-lgcc] ==> ignore
    arg [-plugin-opt=-pass-through=-lgcc_s] ==> ignore
    arg [--eh-frame-hdr] ==> ignore
    arg [-m] ==> ignore
    arg [elf_x86_64] ==> ignore
    arg [-export-dynamic] ==> ignore
    arg [-dynamic-linker] ==> ignore
    arg [/lib64/ld-linux-x86-64.so.2] ==> ignore
    arg [-o] ==> ignore
    arg [cmTC_53dc7] ==> ignore
    arg [/lib/../lib64/crt1.o] ==> ignore
    arg [/lib/../lib64/crti.o] ==> ignore
    arg [/risapps/rhel7/gcc/7.1.0/lib/gcc/x86_64-pc-linux-gnu/7.1.0/crtbegin.o] ==> ignore
    arg [-L/risapps/rhel7/gcc/7.1.0/lib/gcc/x86_64-pc-linux-gnu/7.1.0] ==> dir [/risapps/rhel7/gcc/7.1.0/lib/gcc/x86_64-pc-linux-gnu/7.1.0]
    arg [-L/risapps/rhel7/gcc/7.1.0/lib/gcc/x86_64-pc-linux-gnu/7.1.0/../../../../lib64] ==> dir [/risapps/rhel7/gcc/7.1.0/lib/gcc/x86_64-pc-linux-gnu/7.1.0/../../../../lib64]
    arg [-L/lib/../lib64] ==> dir [/lib/../lib64]
    arg [-L/usr/lib/../lib64] ==> dir [/usr/lib/../lib64]
    arg [-L/risapps/rhel7/gsl/2.5/lib] ==> dir [/risapps/rhel7/gsl/2.5/lib]
    arg [-L/risapps/rhel7/gcc/7.1.0/lib/gcc/x86_64-pc-linux-gnu/7.1.0/../../..] ==> dir [/risapps/rhel7/gcc/7.1.0/lib/gcc/x86_64-pc-linux-gnu/7.1.0/../../..]
    arg [CMakeFiles/cmTC_53dc7.dir/CMakeCCompilerABI.c.o] ==> ignore
    arg [-lgcc] ==> lib [gcc]
    arg [--as-needed] ==> ignore
    arg [-lgcc_s] ==> lib [gcc_s]
    arg [--no-as-needed] ==> ignore
    arg [-lc] ==> lib [c]
    arg [-lgcc] ==> lib [gcc]
    arg [--as-needed] ==> ignore
    arg [-lgcc_s] ==> lib [gcc_s]
    arg [--no-as-needed] ==> ignore
    arg [/risapps/rhel7/gcc/7.1.0/lib/gcc/x86_64-pc-linux-gnu/7.1.0/crtend.o] ==> ignore
    arg [/lib/../lib64/crtn.o] ==> ignore
  collapse library dir [/risapps/rhel7/gcc/7.1.0/lib/gcc/x86_64-pc-linux-gnu/7.1.0] ==> [/risapps/rhel7/gcc/7.1.0/lib/gcc/x86_64-pc-linux-gnu/7.1.0]
  collapse library dir [/risapps/rhel7/gcc/7.1.0/lib/gcc/x86_64-pc-linux-gnu/7.1.0/../../../../lib64] ==> [/risapps/rhel7/gcc/7.1.0/lib64]
  collapse library dir [/lib/../lib64] ==> [/lib64]
  collapse library dir [/usr/lib/../lib64] ==> [/usr/lib64]
  collapse library dir [/risapps/rhel7/gsl/2.5/lib] ==> [/risapps/rhel7/gsl/2.5/lib]
  collapse library dir [/risapps/rhel7/gcc/7.1.0/lib/gcc/x86_64-pc-linux-gnu/7.1.0/../../..] ==> [/risapps/rhel7/gcc/7.1.0/lib]
  implicit libs: [gcc;gcc_s;c;gcc;gcc_s]
  implicit dirs: [/risapps/rhel7/gcc/7.1.0/lib/gcc/x86_64-pc-linux-gnu/7.1.0;/risapps/rhel7/gcc/7.1.0/lib64;/lib64;/usr/lib64;/risapps/rhel7/gsl/2.5/lib;/risapps/rhel7/gcc/7.1.0/lib]
  implicit fwks: []


Determining if the CXX compiler works passed with the following output:
Change Dir: /rsrch3/home/lym_myl_rsch/bnsugg/lpWGS_pipeline/programs/hmmcopy_utils/CMakeFiles/CMakeTmp

Run Build Command(s):/usr/bin/gmake cmTC_eb52b/fast && /usr/bin/gmake -f CMakeFiles/cmTC_eb52b.dir/build.make CMakeFiles/cmTC_eb52b.dir/build
gmake[1]: Entering directory `/rsrch3/home/lym_myl_rsch/bnsugg/lpWGS_pipeline/programs/hmmcopy_utils/CMakeFiles/CMakeTmp'
Building CXX object CMakeFiles/cmTC_eb52b.dir/testCXXCompiler.cxx.o
/risapps/rhel7/gcc/7.1.0/bin/c++     -o CMakeFiles/cmTC_eb52b.dir/testCXXCompiler.cxx.o -c /rsrch3/home/lym_myl_rsch/bnsugg/lpWGS_pipeline/programs/hmmcopy_utils/CMakeFiles/CMakeTmp/testCXXCompiler.cxx
Linking CXX executable cmTC_eb52b
/risapps/rhel7/cmake/3.16.2-gcc-7.1.0/bin/cmake -E cmake_link_script CMakeFiles/cmTC_eb52b.dir/link.txt --verbose=1
/risapps/rhel7/gcc/7.1.0/bin/c++       -rdynamic CMakeFiles/cmTC_eb52b.dir/testCXXCompiler.cxx.o  -o cmTC_eb52b 
gmake[1]: Leaving directory `/rsrch3/home/lym_myl_rsch/bnsugg/lpWGS_pipeline/programs/hmmcopy_utils/CMakeFiles/CMakeTmp'



Detecting CXX compiler ABI info compiled with the following output:
Change Dir: /rsrch3/home/lym_myl_rsch/bnsugg/lpWGS_pipeline/programs/hmmcopy_utils/CMakeFiles/CMakeTmp

Run Build Command(s):/usr/bin/gmake cmTC_f2eae/fast && /usr/bin/gmake -f CMakeFiles/cmTC_f2eae.dir/build.make CMakeFiles/cmTC_f2eae.dir/build
gmake[1]: Entering directory `/rsrch3/home/lym_myl_rsch/bnsugg/lpWGS_pipeline/programs/hmmcopy_utils/CMakeFiles/CMakeTmp'
Building CXX object CMakeFiles/cmTC_f2eae.dir/CMakeCXXCompilerABI.cpp.o
/risapps/rhel7/gcc/7.1.0/bin/c++    -v -o CMakeFiles/cmTC_f2eae.dir/CMakeCXXCompilerABI.cpp.o -c /risapps/rhel7/cmake/3.16.2-gcc-7.1.0/share/cmake-3.16/Modules/CMakeCXXCompilerABI.cpp
Using built-in specs.
COLLECT_GCC=/risapps/rhel7/gcc/7.1.0/bin/c++
Target: x86_64-pc-linux-gnu
Configured with: ../configure --prefix=/risapps/rhel7/gcc/7.1.0 --enable-languages=c,c++,fortran --disable-multilib
Thread model: posix
gcc version 7.1.0 (GCC) 
COLLECT_GCC_OPTIONS='-v' '-o' 'CMakeFiles/cmTC_f2eae.dir/CMakeCXXCompilerABI.cpp.o' '-c' '-shared-libgcc' '-mtune=generic' '-march=x86-64'
 /risapps/rhel7/gcc/7.1.0/libexec/gcc/x86_64-pc-linux-gnu/7.1.0/cc1plus -quiet -v -D_GNU_SOURCE /risapps/rhel7/cmake/3.16.2-gcc-7.1.0/share/cmake-3.16/Modules/CMakeCXXCompilerABI.cpp -quiet -dumpbase CMakeCXXCompilerABI.cpp -mtune=generic -march=x86-64 -auxbase-strip CMakeFiles/cmTC_f2eae.dir/CMakeCXXCompilerABI.cpp.o -version -o /tmp/cc1TtKWD.s
GNU C++14 (GCC) version 7.1.0 (x86_64-pc-linux-gnu)
	compiled by GNU C version 7.1.0, GMP version 6.1.0, MPFR version 3.1.4, MPC version 1.0.3, isl version isl-0.16.1-GMP

GGC heuristics: --param ggc-min-expand=100 --param ggc-min-heapsize=131072
ignoring nonexistent directory "/risapps/rhel7/gcc/7.1.0/lib/gcc/x86_64-pc-linux-gnu/7.1.0/../../../../x86_64-pc-linux-gnu/include"
#include "..." search starts here:
#include <...> search starts here:
 /risapps/rhel7/gcc/7.1.0/lib/gcc/x86_64-pc-linux-gnu/7.1.0/../../../../include/c++/7.1.0
 /risapps/rhel7/gcc/7.1.0/lib/gcc/x86_64-pc-linux-gnu/7.1.0/../../../../include/c++/7.1.0/x86_64-pc-linux-gnu
 /risapps/rhel7/gcc/7.1.0/lib/gcc/x86_64-pc-linux-gnu/7.1.0/../../../../include/c++/7.1.0/backward
 /risapps/rhel7/gcc/7.1.0/lib/gcc/x86_64-pc-linux-gnu/7.1.0/include
 /usr/local/include
 /risapps/rhel7/gcc/7.1.0/include
 /risapps/rhel7/gcc/7.1.0/lib/gcc/x86_64-pc-linux-gnu/7.1.0/include-fixed
 /usr/include
End of search list.
GNU C++14 (GCC) version 7.1.0 (x86_64-pc-linux-gnu)
	compiled by GNU C version 7.1.0, GMP version 6.1.0, MPFR version 3.1.4, MPC version 1.0.3, isl version isl-0.16.1-GMP

GGC heuristics: --param ggc-min-expand=100 --param ggc-min-heapsize=131072
Compiler executable checksum: c3f5fbfe16199602c6bbbeab9d0640cb
COLLECT_GCC_OPTIONS='-v' '-o' 'CMakeFiles/cmTC_f2eae.dir/CMakeCXXCompilerABI.cpp.o' '-c' '-shared-libgcc' '-mtune=generic' '-march=x86-64'
 as -v --64 -o CMakeFiles/cmTC_f2eae.dir/CMakeCXXCompilerABI.cpp.o /tmp/cc1TtKWD.s
GNU assembler version 2.27 (x86_64-redhat-linux) using BFD version version 2.27-44.base.el7
COMPILER_PATH=/risapps/rhel7/gcc/7.1.0/libexec/gcc/x86_64-pc-linux-gnu/7.1.0/:/risapps/rhel7/gcc/7.1.0/libexec/gcc/x86_64-pc-linux-gnu/7.1.0/:/risapps/rhel7/gcc/7.1.0/libexec/gcc/x86_64-pc-linux-gnu/:/risapps/rhel7/gcc/7.1.0/lib/gcc/x86_64-pc-linux-gnu/7.1.0/:/risapps/rhel7/gcc/7.1.0/lib/gcc/x86_64-pc-linux-gnu/
LIBRARY_PATH=/risapps/rhel7/gcc/7.1.0/lib/gcc/x86_64-pc-linux-gnu/7.1.0/:/risapps/rhel7/gcc/7.1.0/lib/gcc/x86_64-pc-linux-gnu/7.1.0/../../../../lib64/:/lib/../lib64/:/usr/lib/../lib64/:/risapps/rhel7/gsl/2.5/lib/:/risapps/rhel7/gcc/7.1.0/lib/gcc/x86_64-pc-linux-gnu/7.1.0/../../../:/lib/:/usr/lib/
COLLECT_GCC_OPTIONS='-v' '-o' 'CMakeFiles/cmTC_f2eae.dir/CMakeCXXCompilerABI.cpp.o' '-c' '-shared-libgcc' '-mtune=generic' '-march=x86-64'
Linking CXX executable cmTC_f2eae
/risapps/rhel7/cmake/3.16.2-gcc-7.1.0/bin/cmake -E cmake_link_script CMakeFiles/cmTC_f2eae.dir/link.txt --verbose=1
/risapps/rhel7/gcc/7.1.0/bin/c++      -v -rdynamic CMakeFiles/cmTC_f2eae.dir/CMakeCXXCompilerABI.cpp.o  -o cmTC_f2eae 
Using built-in specs.
COLLECT_GCC=/risapps/rhel7/gcc/7.1.0/bin/c++
COLLECT_LTO_WRAPPER=/risapps/rhel7/gcc/7.1.0/libexec/gcc/x86_64-pc-linux-gnu/7.1.0/lto-wrapper
Target: x86_64-pc-linux-gnu
Configured with: ../configure --prefix=/risapps/rhel7/gcc/7.1.0 --enable-languages=c,c++,fortran --disable-multilib
Thread model: posix
gcc version 7.1.0 (GCC) 
COMPILER_PATH=/risapps/rhel7/gcc/7.1.0/libexec/gcc/x86_64-pc-linux-gnu/7.1.0/:/risapps/rhel7/gcc/7.1.0/libexec/gcc/x86_64-pc-linux-gnu/7.1.0/:/risapps/rhel7/gcc/7.1.0/libexec/gcc/x86_64-pc-linux-gnu/:/risapps/rhel7/gcc/7.1.0/lib/gcc/x86_64-pc-linux-gnu/7.1.0/:/risapps/rhel7/gcc/7.1.0/lib/gcc/x86_64-pc-linux-gnu/
LIBRARY_PATH=/risapps/rhel7/gcc/7.1.0/lib/gcc/x86_64-pc-linux-gnu/7.1.0/:/risapps/rhel7/gcc/7.1.0/lib/gcc/x86_64-pc-linux-gnu/7.1.0/../../../../lib64/:/lib/../lib64/:/usr/lib/../lib64/:/risapps/rhel7/gsl/2.5/lib/:/risapps/rhel7/gcc/7.1.0/lib/gcc/x86_64-pc-linux-gnu/7.1.0/../../../:/lib/:/usr/lib/
COLLECT_GCC_OPTIONS='-v' '-rdynamic' '-o' 'cmTC_f2eae' '-shared-libgcc' '-mtune=generic' '-march=x86-64'
 /risapps/rhel7/gcc/7.1.0/libexec/gcc/x86_64-pc-linux-gnu/7.1.0/collect2 -plugin /risapps/rhel7/gcc/7.1.0/libexec/gcc/x86_64-pc-linux-gnu/7.1.0/liblto_plugin.so -plugin-opt=/risapps/rhel7/gcc/7.1.0/libexec/gcc/x86_64-pc-linux-gnu/7.1.0/lto-wrapper -plugin-opt=-fresolution=/tmp/cc30sJuK.res -plugin-opt=-pass-through=-lgcc_s -plugin-opt=-pass-through=-lgcc -plugin-opt=-pass-through=-lc -plugin-opt=-pass-through=-lgcc_s -plugin-opt=-pass-through=-lgcc --eh-frame-hdr -m elf_x86_64 -export-dynamic -dynamic-linker /lib64/ld-linux-x86-64.so.2 -o cmTC_f2eae /lib/../lib64/crt1.o /lib/../lib64/crti.o /risapps/rhel7/gcc/7.1.0/lib/gcc/x86_64-pc-linux-gnu/7.1.0/crtbegin.o -L/risapps/rhel7/gcc/7.1.0/lib/gcc/x86_64-pc-linux-gnu/7.1.0 -L/risapps/rhel7/gcc/7.1.0/lib/gcc/x86_64-pc-linux-gnu/7.1.0/../../../../lib64 -L/lib/../lib64 -L/usr/lib/../lib64 -L/risapps/rhel7/gsl/2.5/lib -L/risapps/rhel7/gcc/7.1.0/lib/gcc/x86_64-pc-linux-gnu/7.1.0/../../.. CMakeFiles/cmTC_f2eae.dir/CMakeCXXCompilerABI.cpp.o -lstdc++ -lm -lgcc_s -lgcc -lc -lgcc_s -lgcc /risapps/rhel7/gcc/7.1.0/lib/gcc/x86_64-pc-linux-gnu/7.1.0/crtend.o /lib/../lib64/crtn.o
COLLECT_GCC_OPTIONS='-v' '-rdynamic' '-o' 'cmTC_f2eae' '-shared-libgcc' '-mtune=generic' '-march=x86-64'
gmake[1]: Leaving directory `/rsrch3/home/lym_myl_rsch/bnsugg/lpWGS_pipeline/programs/hmmcopy_utils/CMakeFiles/CMakeTmp'



Parsed CXX implicit include dir info from above output: rv=done
  found start of include info
  found start of implicit include info
    add: [/risapps/rhel7/gcc/7.1.0/lib/gcc/x86_64-pc-linux-gnu/7.1.0/../../../../include/c++/7.1.0]
    add: [/risapps/rhel7/gcc/7.1.0/lib/gcc/x86_64-pc-linux-gnu/7.1.0/../../../../include/c++/7.1.0/x86_64-pc-linux-gnu]
    add: [/risapps/rhel7/gcc/7.1.0/lib/gcc/x86_64-pc-linux-gnu/7.1.0/../../../../include/c++/7.1.0/backward]
    add: [/risapps/rhel7/gcc/7.1.0/lib/gcc/x86_64-pc-linux-gnu/7.1.0/include]
    add: [/usr/local/include]
    add: [/risapps/rhel7/gcc/7.1.0/include]
    add: [/risapps/rhel7/gcc/7.1.0/lib/gcc/x86_64-pc-linux-gnu/7.1.0/include-fixed]
    add: [/usr/include]
  end of search list found
  collapse include dir [/risapps/rhel7/gcc/7.1.0/lib/gcc/x86_64-pc-linux-gnu/7.1.0/../../../../include/c++/7.1.0] ==> [/risapps/rhel7/gcc/7.1.0/include/c++/7.1.0]
  collapse include dir [/risapps/rhel7/gcc/7.1.0/lib/gcc/x86_64-pc-linux-gnu/7.1.0/../../../../include/c++/7.1.0/x86_64-pc-linux-gnu] ==> [/risapps/rhel7/gcc/7.1.0/include/c++/7.1.0/x86_64-pc-linux-gnu]
  collapse include dir [/risapps/rhel7/gcc/7.1.0/lib/gcc/x86_64-pc-linux-gnu/7.1.0/../../../../include/c++/7.1.0/backward] ==> [/risapps/rhel7/gcc/7.1.0/include/c++/7.1.0/backward]
  collapse include dir [/risapps/rhel7/gcc/7.1.0/lib/gcc/x86_64-pc-linux-gnu/7.1.0/include] ==> [/risapps/rhel7/gcc/7.1.0/lib/gcc/x86_64-pc-linux-gnu/7.1.0/include]
  collapse include dir [/usr/local/include] ==> [/usr/local/include]
  collapse include dir [/risapps/rhel7/gcc/7.1.0/include] ==> [/risapps/rhel7/gcc/7.1.0/include]
  collapse include dir [/risapps/rhel7/gcc/7.1.0/lib/gcc/x86_64-pc-linux-gnu/7.1.0/include-fixed] ==> [/risapps/rhel7/gcc/7.1.0/lib/gcc/x86_64-pc-linux-gnu/7.1.0/include-fixed]
  collapse include dir [/usr/include] ==> [/usr/include]
  implicit include dirs: [/risapps/rhel7/gcc/7.1.0/include/c++/7.1.0;/risapps/rhel7/gcc/7.1.0/include/c++/7.1.0/x86_64-pc-linux-gnu;/risapps/rhel7/gcc/7.1.0/include/c++/7.1.0/backward;/risapps/rhel7/gcc/7.1.0/lib/gcc/x86_64-pc-linux-gnu/7.1.0/include;/usr/local/include;/risapps/rhel7/gcc/7.1.0/include;/risapps/rhel7/gcc/7.1.0/lib/gcc/x86_64-pc-linux-gnu/7.1.0/include-fixed;/usr/include]


Parsed CXX implicit link information from above output:
  link line regex: [^( *|.*[/\])(ld|CMAKE_LINK_STARTFILE-NOTFOUND|([^/\]+-)?ld|collect2)[^/\]*( |$)]
  ignore line: [Change Dir: /rsrch3/home/lym_myl_rsch/bnsugg/lpWGS_pipeline/programs/hmmcopy_utils/CMakeFiles/CMakeTmp]
  ignore line: []
  ignore line: [Run Build Command(s):/usr/bin/gmake cmTC_f2eae/fast && /usr/bin/gmake -f CMakeFiles/cmTC_f2eae.dir/build.make CMakeFiles/cmTC_f2eae.dir/build]
  ignore line: [gmake[1]: Entering directory `/rsrch3/home/lym_myl_rsch/bnsugg/lpWGS_pipeline/programs/hmmcopy_utils/CMakeFiles/CMakeTmp']
  ignore line: [Building CXX object CMakeFiles/cmTC_f2eae.dir/CMakeCXXCompilerABI.cpp.o]
  ignore line: [/risapps/rhel7/gcc/7.1.0/bin/c++    -v -o CMakeFiles/cmTC_f2eae.dir/CMakeCXXCompilerABI.cpp.o -c /risapps/rhel7/cmake/3.16.2-gcc-7.1.0/share/cmake-3.16/Modules/CMakeCXXCompilerABI.cpp]
  ignore line: [Using built-in specs.]
  ignore line: [COLLECT_GCC=/risapps/rhel7/gcc/7.1.0/bin/c++]
  ignore line: [Target: x86_64-pc-linux-gnu]
  ignore line: [Configured with: ../configure --prefix=/risapps/rhel7/gcc/7.1.0 --enable-languages=c c++ fortran --disable-multilib]
  ignore line: [Thread model: posix]
  ignore line: [gcc version 7.1.0 (GCC) ]
  ignore line: [COLLECT_GCC_OPTIONS='-v' '-o' 'CMakeFiles/cmTC_f2eae.dir/CMakeCXXCompilerABI.cpp.o' '-c' '-shared-libgcc' '-mtune=generic' '-march=x86-64']
  ignore line: [ /risapps/rhel7/gcc/7.1.0/libexec/gcc/x86_64-pc-linux-gnu/7.1.0/cc1plus -quiet -v -D_GNU_SOURCE /risapps/rhel7/cmake/3.16.2-gcc-7.1.0/share/cmake-3.16/Modules/CMakeCXXCompilerABI.cpp -quiet -dumpbase CMakeCXXCompilerABI.cpp -mtune=generic -march=x86-64 -auxbase-strip CMakeFiles/cmTC_f2eae.dir/CMakeCXXCompilerABI.cpp.o -version -o /tmp/cc1TtKWD.s]
  ignore line: [GNU C++14 (GCC) version 7.1.0 (x86_64-pc-linux-gnu)]
  ignore line: [	compiled by GNU C version 7.1.0  GMP version 6.1.0  MPFR version 3.1.4  MPC version 1.0.3  isl version isl-0.16.1-GMP]
  ignore line: []
  ignore line: [GGC heuristics: --param ggc-min-expand=100 --param ggc-min-heapsize=131072]
  ignore line: [ignoring nonexistent directory "/risapps/rhel7/gcc/7.1.0/lib/gcc/x86_64-pc-linux-gnu/7.1.0/../../../../x86_64-pc-linux-gnu/include"]
  ignore line: [#include "..." search starts here:]
  ignore line: [#include <...> search starts here:]
  ignore line: [ /risapps/rhel7/gcc/7.1.0/lib/gcc/x86_64-pc-linux-gnu/7.1.0/../../../../include/c++/7.1.0]
  ignore line: [ /risapps/rhel7/gcc/7.1.0/lib/gcc/x86_64-pc-linux-gnu/7.1.0/../../../../include/c++/7.1.0/x86_64-pc-linux-gnu]
  ignore line: [ /risapps/rhel7/gcc/7.1.0/lib/gcc/x86_64-pc-linux-gnu/7.1.0/../../../../include/c++/7.1.0/backward]
  ignore line: [ /risapps/rhel7/gcc/7.1.0/lib/gcc/x86_64-pc-linux-gnu/7.1.0/include]
  ignore line: [ /usr/local/include]
  ignore line: [ /risapps/rhel7/gcc/7.1.0/include]
  ignore line: [ /risapps/rhel7/gcc/7.1.0/lib/gcc/x86_64-pc-linux-gnu/7.1.0/include-fixed]
  ignore line: [ /usr/include]
  ignore line: [End of search list.]
  ignore line: [GNU C++14 (GCC) version 7.1.0 (x86_64-pc-linux-gnu)]
  ignore line: [	compiled by GNU C version 7.1.0  GMP version 6.1.0  MPFR version 3.1.4  MPC version 1.0.3  isl version isl-0.16.1-GMP]
  ignore line: []
  ignore line: [GGC heuristics: --param ggc-min-expand=100 --param ggc-min-heapsize=131072]
  ignore line: [Compiler executable checksum: c3f5fbfe16199602c6bbbeab9d0640cb]
  ignore line: [COLLECT_GCC_OPTIONS='-v' '-o' 'CMakeFiles/cmTC_f2eae.dir/CMakeCXXCompilerABI.cpp.o' '-c' '-shared-libgcc' '-mtune=generic' '-march=x86-64']
  ignore line: [ as -v --64 -o CMakeFiles/cmTC_f2eae.dir/CMakeCXXCompilerABI.cpp.o /tmp/cc1TtKWD.s]
  ignore line: [GNU assembler version 2.27 (x86_64-redhat-linux) using BFD version version 2.27-44.base.el7]
  ignore line: [COMPILER_PATH=/risapps/rhel7/gcc/7.1.0/libexec/gcc/x86_64-pc-linux-gnu/7.1.0/:/risapps/rhel7/gcc/7.1.0/libexec/gcc/x86_64-pc-linux-gnu/7.1.0/:/risapps/rhel7/gcc/7.1.0/libexec/gcc/x86_64-pc-linux-gnu/:/risapps/rhel7/gcc/7.1.0/lib/gcc/x86_64-pc-linux-gnu/7.1.0/:/risapps/rhel7/gcc/7.1.0/lib/gcc/x86_64-pc-linux-gnu/]
  ignore line: [LIBRARY_PATH=/risapps/rhel7/gcc/7.1.0/lib/gcc/x86_64-pc-linux-gnu/7.1.0/:/risapps/rhel7/gcc/7.1.0/lib/gcc/x86_64-pc-linux-gnu/7.1.0/../../../../lib64/:/lib/../lib64/:/usr/lib/../lib64/:/risapps/rhel7/gsl/2.5/lib/:/risapps/rhel7/gcc/7.1.0/lib/gcc/x86_64-pc-linux-gnu/7.1.0/../../../:/lib/:/usr/lib/]
  ignore line: [COLLECT_GCC_OPTIONS='-v' '-o' 'CMakeFiles/cmTC_f2eae.dir/CMakeCXXCompilerABI.cpp.o' '-c' '-shared-libgcc' '-mtune=generic' '-march=x86-64']
  ignore line: [Linking CXX executable cmTC_f2eae]
  ignore line: [/risapps/rhel7/cmake/3.16.2-gcc-7.1.0/bin/cmake -E cmake_link_script CMakeFiles/cmTC_f2eae.dir/link.txt --verbose=1]
  ignore line: [/risapps/rhel7/gcc/7.1.0/bin/c++      -v -rdynamic CMakeFiles/cmTC_f2eae.dir/CMakeCXXCompilerABI.cpp.o  -o cmTC_f2eae ]
  ignore line: [Using built-in specs.]
  ignore line: [COLLECT_GCC=/risapps/rhel7/gcc/7.1.0/bin/c++]
  ignore line: [COLLECT_LTO_WRAPPER=/risapps/rhel7/gcc/7.1.0/libexec/gcc/x86_64-pc-linux-gnu/7.1.0/lto-wrapper]
  ignore line: [Target: x86_64-pc-linux-gnu]
  ignore line: [Configured with: ../configure --prefix=/risapps/rhel7/gcc/7.1.0 --enable-languages=c c++ fortran --disable-multilib]
  ignore line: [Thread model: posix]
  ignore line: [gcc version 7.1.0 (GCC) ]
  ignore line: [COMPILER_PATH=/risapps/rhel7/gcc/7.1.0/libexec/gcc/x86_64-pc-linux-gnu/7.1.0/:/risapps/rhel7/gcc/7.1.0/libexec/gcc/x86_64-pc-linux-gnu/7.1.0/:/risapps/rhel7/gcc/7.1.0/libexec/gcc/x86_64-pc-linux-gnu/:/risapps/rhel7/gcc/7.1.0/lib/gcc/x86_64-pc-linux-gnu/7.1.0/:/risapps/rhel7/gcc/7.1.0/lib/gcc/x86_64-pc-linux-gnu/]
  ignore line: [LIBRARY_PATH=/risapps/rhel7/gcc/7.1.0/lib/gcc/x86_64-pc-linux-gnu/7.1.0/:/risapps/rhel7/gcc/7.1.0/lib/gcc/x86_64-pc-linux-gnu/7.1.0/../../../../lib64/:/lib/../lib64/:/usr/lib/../lib64/:/risapps/rhel7/gsl/2.5/lib/:/risapps/rhel7/gcc/7.1.0/lib/gcc/x86_64-pc-linux-gnu/7.1.0/../../../:/lib/:/usr/lib/]
  ignore line: [COLLECT_GCC_OPTIONS='-v' '-rdynamic' '-o' 'cmTC_f2eae' '-shared-libgcc' '-mtune=generic' '-march=x86-64']
  link line: [ /risapps/rhel7/gcc/7.1.0/libexec/gcc/x86_64-pc-linux-gnu/7.1.0/collect2 -plugin /risapps/rhel7/gcc/7.1.0/libexec/gcc/x86_64-pc-linux-gnu/7.1.0/liblto_plugin.so -plugin-opt=/risapps/rhel7/gcc/7.1.0/libexec/gcc/x86_64-pc-linux-gnu/7.1.0/lto-wrapper -plugin-opt=-fresolution=/tmp/cc30sJuK.res -plugin-opt=-pass-through=-lgcc_s -plugin-opt=-pass-through=-lgcc -plugin-opt=-pass-through=-lc -plugin-opt=-pass-through=-lgcc_s -plugin-opt=-pass-through=-lgcc --eh-frame-hdr -m elf_x86_64 -export-dynamic -dynamic-linker /lib64/ld-linux-x86-64.so.2 -o cmTC_f2eae /lib/../lib64/crt1.o /lib/../lib64/crti.o /risapps/rhel7/gcc/7.1.0/lib/gcc/x86_64-pc-linux-gnu/7.1.0/crtbegin.o -L/risapps/rhel7/gcc/7.1.0/lib/gcc/x86_64-pc-linux-gnu/7.1.0 -L/risapps/rhel7/gcc/7.1.0/lib/gcc/x86_64-pc-linux-gnu/7.1.0/../../../../lib64 -L/lib/../lib64 -L/usr/lib/../lib64 -L/risapps/rhel7/gsl/2.5/lib -L/risapps/rhel7/gcc/7.1.0/lib/gcc/x86_64-pc-linux-gnu/7.1.0/../../.. CMakeFiles/cmTC_f2eae.dir/CMakeCXXCompilerABI.cpp.o -lstdc++ -lm -lgcc_s -lgcc -lc -lgcc_s -lgcc /risapps/rhel7/gcc/7.1.0/lib/gcc/x86_64-pc-linux-gnu/7.1.0/crtend.o /lib/../lib64/crtn.o]
    arg [/risapps/rhel7/gcc/7.1.0/libexec/gcc/x86_64-pc-linux-gnu/7.1.0/collect2] ==> ignore
    arg [-plugin] ==> ignore
    arg [/risapps/rhel7/gcc/7.1.0/libexec/gcc/x86_64-pc-linux-gnu/7.1.0/liblto_plugin.so] ==> ignore
    arg [-plugin-opt=/risapps/rhel7/gcc/7.1.0/libexec/gcc/x86_64-pc-linux-gnu/7.1.0/lto-wrapper] ==> ignore
    arg [-plugin-opt=-fresolution=/tmp/cc30sJuK.res] ==> ignore
    arg [-plugin-opt=-pass-through=-lgcc_s] ==> ignore
    arg [-plugin-opt=-pass-through=-lgcc] ==> ignore
    arg [-plugin-opt=-pass-through=-lc] ==> ignore
    arg [-plugin-opt=-pass-through=-lgcc_s] ==> ignore
    arg [-plugin-opt=-pass-through=-lgcc] ==> ignore
    arg [--eh-frame-hdr] ==> ignore
    arg [-m] ==> ignore
    arg [elf_x86_64] ==> ignore
    arg [-export-dynamic] ==> ignore
    arg [-dynamic-linker] ==> ignore
    arg [/lib64/ld-linux-x86-64.so.2] ==> ignore
    arg [-o] ==> ignore
    arg [cmTC_f2eae] ==> ignore
    arg [/lib/../lib64/crt1.o] ==> ignore
    arg [/lib/../lib64/crti.o] ==> ignore
    arg [/risapps/rhel7/gcc/7.1.0/lib/gcc/x86_64-pc-linux-gnu/7.1.0/crtbegin.o] ==> ignore
    arg [-L/risapps/rhel7/gcc/7.1.0/lib/gcc/x86_64-pc-linux-gnu/7.1.0] ==> dir [/risapps/rhel7/gcc/7.1.0/lib/gcc/x86_64-pc-linux-gnu/7.1.0]
    arg [-L/risapps/rhel7/gcc/7.1.0/lib/gcc/x86_64-pc-linux-gnu/7.1.0/../../../../lib64] ==> dir [/risapps/rhel7/gcc/7.1.0/lib/gcc/x86_64-pc-linux-gnu/7.1.0/../../../../lib64]
    arg [-L/lib/../lib64] ==> dir [/lib/../lib64]
    arg [-L/usr/lib/../lib64] ==> dir [/usr/lib/../lib64]
    arg [-L/risapps/rhel7/gsl/2.5/lib] ==> dir [/risapps/rhel7/gsl/2.5/lib]
    arg [-L/risapps/rhel7/gcc/7.1.0/lib/gcc/x86_64-pc-linux-gnu/7.1.0/../../..] ==> dir [/risapps/rhel7/gcc/7.1.0/lib/gcc/x86_64-pc-linux-gnu/7.1.0/../../..]
    arg [CMakeFiles/cmTC_f2eae.dir/CMakeCXXCompilerABI.cpp.o] ==> ignore
    arg [-lstdc++] ==> lib [stdc++]
    arg [-lm] ==> lib [m]
    arg [-lgcc_s] ==> lib [gcc_s]
    arg [-lgcc] ==> lib [gcc]
    arg [-lc] ==> lib [c]
    arg [-lgcc_s] ==> lib [gcc_s]
    arg [-lgcc] ==> lib [gcc]
    arg [/risapps/rhel7/gcc/7.1.0/lib/gcc/x86_64-pc-linux-gnu/7.1.0/crtend.o] ==> ignore
    arg [/lib/../lib64/crtn.o] ==> ignore
  collapse library dir [/risapps/rhel7/gcc/7.1.0/lib/gcc/x86_64-pc-linux-gnu/7.1.0] ==> [/risapps/rhel7/gcc/7.1.0/lib/gcc/x86_64-pc-linux-gnu/7.1.0]
  collapse library dir [/risapps/rhel7/gcc/7.1.0/lib/gcc/x86_64-pc-linux-gnu/7.1.0/../../../../lib64] ==> [/risapps/rhel7/gcc/7.1.0/lib64]
  collapse library dir [/lib/../lib64] ==> [/lib64]
  collapse library dir [/usr/lib/../lib64] ==> [/usr/lib64]
  collapse library dir [/risapps/rhel7/gsl/2.5/lib] ==> [/risapps/rhel7/gsl/2.5/lib]
  collapse library dir [/risapps/rhel7/gcc/7.1.0/lib/gcc/x86_64-pc-linux-gnu/7.1.0/../../..] ==> [/risapps/rhel7/gcc/7.1.0/lib]
  implicit libs: [stdc++;m;gcc_s;gcc;c;gcc_s;gcc]
  implicit dirs: [/risapps/rhel7/gcc/7.1.0/lib/gcc/x86_64-pc-linux-gnu/7.1.0;/risapps/rhel7/gcc/7.1.0/lib64;/lib64;/usr/lib64;/risapps/rhel7/gsl/2.5/lib;/risapps/rhel7/gcc/7.1.0/lib]
  implicit fwks: []


